[main e1c02c1] Update at Mon Aug 11 10:10:01 UTC 2025
 Committer: Gokulraj <gokul_1370@BizAct153.bizacuity.local>
Your name and email address were configured automatically based
on your username and hostname. Please check that they are accurate.
You can suppress this message by setting them explicitly. Run the
following command and follow the instructions in your editor to edit
your configuration file:

    git config --global --edit

After doing this, you may fix the identity used for this commit with:

    git commit --amend --reset-author

 1 file changed, 10 insertions(+)
error: src refspec master does not match any
error: failed to push some refs to 'github.com:gokulrajrajsekaran/sys-monitor.git'
[main f9c9af2] Update at Mon Aug 11 10:15:02 UTC 2025
 Committer: Gokulraj <gokul_1370@BizAct153.bizacuity.local>
Your name and email address were configured automatically based
on your username and hostname. Please check that they are accurate.
You can suppress this message by setting them explicitly. Run the
following command and follow the instructions in your editor to edit
your configuration file:

    git config --global --edit

After doing this, you may fix the identity used for this commit with:

    git commit --amend --reset-author

 1 file changed, 10 insertions(+)
error: src refspec master does not match any
error: failed to push some refs to 'github.com:gokulrajrajsekaran/sys-monitor.git'
[main 7461c02] Update at Mon Aug 11 10:20:01 UTC 2025
 Committer: Gokulraj <gokul_1370@BizAct153.bizacuity.local>
Your name and email address were configured automatically based
on your username and hostname. Please check that they are accurate.
You can suppress this message by setting them explicitly. Run the
following command and follow the instructions in your editor to edit
your configuration file:

    git config --global --edit

After doing this, you may fix the identity used for this commit with:

    git commit --amend --reset-author

 1 file changed, 10 insertions(+)
error: src refspec master does not match any
error: failed to push some refs to 'github.com:gokulrajrajsekaran/sys-monitor.git'
[main cf8380f] Update at Mon Aug 11 10:25:00 UTC 2025
 Committer: Gokulraj <gokul_1370@BizAct153.bizacuity.local>
Your name and email address were configured automatically based
on your username and hostname. Please check that they are accurate.
You can suppress this message by setting them explicitly. Run the
following command and follow the instructions in your editor to edit
your configuration file:

    git config --global --edit

After doing this, you may fix the identity used for this commit with:

    git commit --amend --reset-author

 1 file changed, 10 insertions(+)
error: src refspec master does not match any
error: failed to push some refs to 'github.com:gokulrajrajsekaran/sys-monitor.git'
[main 85ba619] Update at Mon Aug 11 10:32:33 UTC 2025
 Committer: Gokulraj <gokul_1370@BizAct153.bizacuity.local>
Your name and email address were configured automatically based
on your username and hostname. Please check that they are accurate.
You can suppress this message by setting them explicitly. Run the
following command and follow the instructions in your editor to edit
your configuration file:

    git config --global --edit

After doing this, you may fix the identity used for this commit with:

    git commit --amend --reset-author

 1 file changed, 10 insertions(+)
To github.com:gokulrajrajsekaran/sys-monitor.git
   7461c02..85ba619  main -> main
[SUCCESS] Mon Aug 11 10:32:37 UTC 2025 - Data pushed to GitHub
[main 5ff7936] Update at Mon Aug 11 10:35:01 UTC 2025
 Committer: Gokulraj <gokul_1370@BizAct153.bizacuity.local>
Your name and email address were configured automatically based
on your username and hostname. Please check that they are accurate.
You can suppress this message by setting them explicitly. Run the
following command and follow the instructions in your editor to edit
your configuration file:

    git config --global --edit

After doing this, you may fix the identity used for this commit with:

    git commit --amend --reset-author

 1 file changed, 10 insertions(+)
To github.com:gokulrajrajsekaran/sys-monitor.git
   85ba619..5ff7936  main -> main
[SUCCESS] Mon Aug 11 10:35:04 UTC 2025 - Data pushed to GitHub
[main ffaed37] Update at Mon Aug 11 10:40:01 UTC 2025
 Committer: Gokulraj <gokul_1370@BizAct153.bizacuity.local>
Your name and email address were configured automatically based
on your username and hostname. Please check that they are accurate.
You can suppress this message by setting them explicitly. Run the
following command and follow the instructions in your editor to edit
your configuration file:

    git config --global --edit

After doing this, you may fix the identity used for this commit with:

    git commit --amend --reset-author

 1 file changed, 10 insertions(+)
To github.com:gokulrajrajsekaran/sys-monitor.git
   5ff7936..ffaed37  main -> main
[SUCCESS] Mon Aug 11 10:40:04 UTC 2025 - Data pushed to GitHub
[main e29ee0c] Update at Mon Aug 11 10:45:01 UTC 2025
 Committer: Gokulraj <gokul_1370@BizAct153.bizacuity.local>
Your name and email address were configured automatically based
on your username and hostname. Please check that they are accurate.
You can suppress this message by setting them explicitly. Run the
following command and follow the instructions in your editor to edit
your configuration file:

    git config --global --edit

After doing this, you may fix the identity used for this commit with:

    git commit --amend --reset-author

 1 file changed, 10 insertions(+)
To github.com:gokulrajrajsekaran/sys-monitor.git
   ffaed37..e29ee0c  main -> main
[SUCCESS] Mon Aug 11 10:45:03 UTC 2025 - Data pushed to GitHub
[main df2ccdf] Update at Mon Aug 11 10:50:00 UTC 2025
 Committer: Gokulraj <gokul_1370@BizAct153.bizacuity.local>
Your name and email address were configured automatically based
on your username and hostname. Please check that they are accurate.
You can suppress this message by setting them explicitly. Run the
following command and follow the instructions in your editor to edit
your configuration file:

    git config --global --edit

After doing this, you may fix the identity used for this commit with:

    git commit --amend --reset-author

 1 file changed, 10 insertions(+)
To github.com:gokulrajrajsekaran/sys-monitor.git
   e29ee0c..df2ccdf  main -> main
[SUCCESS] Mon Aug 11 10:50:03 UTC 2025 - Data pushed to GitHub
[main 0eb0a19] Update at Mon Aug 11 10:55:00 UTC 2025
 Committer: Gokulraj <gokul_1370@BizAct153.bizacuity.local>
Your name and email address were configured automatically based
on your username and hostname. Please check that they are accurate.
You can suppress this message by setting them explicitly. Run the
following command and follow the instructions in your editor to edit
your configuration file:

    git config --global --edit

After doing this, you may fix the identity used for this commit with:

    git commit --amend --reset-author

 1 file changed, 10 insertions(+)
To github.com:gokulrajrajsekaran/sys-monitor.git
   df2ccdf..0eb0a19  main -> main
[SUCCESS] Mon Aug 11 10:55:03 UTC 2025 - Data pushed to GitHub
[main 9f262d3] Update at Mon Aug 11 11:00:02 UTC 2025
 Committer: Gokulraj <gokul_1370@BizAct153.bizacuity.local>
Your name and email address were configured automatically based
on your username and hostname. Please check that they are accurate.
You can suppress this message by setting them explicitly. Run the
following command and follow the instructions in your editor to edit
your configuration file:

    git config --global --edit

After doing this, you may fix the identity used for this commit with:

    git commit --amend --reset-author

 1 file changed, 10 insertions(+)
To github.com:gokulrajrajsekaran/sys-monitor.git
   0eb0a19..9f262d3  main -> main
[SUCCESS] Mon Aug 11 11:00:04 UTC 2025 - Data pushed to GitHub
[main f2afbc2] Update at Mon Aug 11 11:05:01 UTC 2025
 Committer: Gokulraj <gokul_1370@BizAct153.bizacuity.local>
Your name and email address were configured automatically based
on your username and hostname. Please check that they are accurate.
You can suppress this message by setting them explicitly. Run the
following command and follow the instructions in your editor to edit
your configuration file:

    git config --global --edit

After doing this, you may fix the identity used for this commit with:

    git commit --amend --reset-author

 1 file changed, 10 insertions(+)
To github.com:gokulrajrajsekaran/sys-monitor.git
   9f262d3..f2afbc2  main -> main
[SUCCESS] Mon Aug 11 11:05:04 UTC 2025 - Data pushed to GitHub
[main 00a248d] Update at Mon Aug 11 12:20:01 UTC 2025
 Committer: Gokulraj <gokul_1370@BizAct153.bizacuity.local>
Your name and email address were configured automatically based
on your username and hostname. Please check that they are accurate.
You can suppress this message by setting them explicitly. Run the
following command and follow the instructions in your editor to edit
your configuration file:

    git config --global --edit

After doing this, you may fix the identity used for this commit with:

    git commit --amend --reset-author

 1 file changed, 10 insertions(+)
To github.com:gokulrajrajsekaran/sys-monitor.git
   f2afbc2..00a248d  main -> main
[SUCCESS] Mon Aug 11 12:20:24 UTC 2025 - Data pushed to GitHub
[main a52489d] Update at Mon Aug 11 12:25:01 UTC 2025
 Committer: Gokulraj <gokul_1370@BizAct153.bizacuity.local>
Your name and email address were configured automatically based
on your username and hostname. Please check that they are accurate.
You can suppress this message by setting them explicitly. Run the
following command and follow the instructions in your editor to edit
your configuration file:

    git config --global --edit

After doing this, you may fix the identity used for this commit with:

    git commit --amend --reset-author

 1 file changed, 10 insertions(+)
To github.com:gokulrajrajsekaran/sys-monitor.git
   00a248d..a52489d  main -> main
[SUCCESS] Mon Aug 11 12:25:04 UTC 2025 - Data pushed to GitHub
[main 64ab157] Update at Mon Aug 11 12:30:02 UTC 2025
 Committer: Gokulraj <gokul_1370@BizAct153.bizacuity.local>
Your name and email address were configured automatically based
on your username and hostname. Please check that they are accurate.
You can suppress this message by setting them explicitly. Run the
following command and follow the instructions in your editor to edit
your configuration file:

    git config --global --edit

After doing this, you may fix the identity used for this commit with:

    git commit --amend --reset-author

 1 file changed, 10 insertions(+)
To github.com:gokulrajrajsekaran/sys-monitor.git
   a52489d..64ab157  main -> main
[SUCCESS] Mon Aug 11 12:30:05 UTC 2025 - Data pushed to GitHub
[main ef81996] Update at Tue Aug 12 04:10:01 UTC 2025
 Committer: Gokulraj <gokul_1370@BizAct153.bizacuity.local>
Your name and email address were configured automatically based
on your username and hostname. Please check that they are accurate.
You can suppress this message by setting them explicitly. Run the
following command and follow the instructions in your editor to edit
your configuration file:

    git config --global --edit

After doing this, you may fix the identity used for this commit with:

    git commit --amend --reset-author

 1 file changed, 10 insertions(+)
To github.com:gokulrajrajsekaran/sys-monitor.git
   64ab157..ef81996  main -> main
[SUCCESS] Tue Aug 12 04:10:04 UTC 2025 - Data pushed to GitHub
[main c722abd] Update at Tue Aug 12 04:15:02 UTC 2025
 Committer: Gokulraj <gokul_1370@BizAct153.bizacuity.local>
Your name and email address were configured automatically based
on your username and hostname. Please check that they are accurate.
You can suppress this message by setting them explicitly. Run the
following command and follow the instructions in your editor to edit
your configuration file:

    git config --global --edit

After doing this, you may fix the identity used for this commit with:

    git commit --amend --reset-author

 1 file changed, 10 insertions(+)
To github.com:gokulrajrajsekaran/sys-monitor.git
   ef81996..c722abd  main -> main
[SUCCESS] Tue Aug 12 04:15:05 UTC 2025 - Data pushed to GitHub
[main 249353d] Update at Tue Aug 12 04:20:01 UTC 2025
 Committer: Gokulraj <gokul_1370@BizAct153.bizacuity.local>
Your name and email address were configured automatically based
on your username and hostname. Please check that they are accurate.
You can suppress this message by setting them explicitly. Run the
following command and follow the instructions in your editor to edit
your configuration file:

    git config --global --edit

After doing this, you may fix the identity used for this commit with:

    git commit --amend --reset-author

 1 file changed, 10 insertions(+)
To github.com:gokulrajrajsekaran/sys-monitor.git
   c722abd..249353d  main -> main
[SUCCESS] Tue Aug 12 04:20:05 UTC 2025 - Data pushed to GitHub
[main 8575797] Update at Tue Aug 12 04:25:01 UTC 2025
 Committer: Gokulraj <gokul_1370@BizAct153.bizacuity.local>
Your name and email address were configured automatically based
on your username and hostname. Please check that they are accurate.
You can suppress this message by setting them explicitly. Run the
following command and follow the instructions in your editor to edit
your configuration file:

    git config --global --edit

After doing this, you may fix the identity used for this commit with:

    git commit --amend --reset-author

 1 file changed, 10 insertions(+)
To github.com:gokulrajrajsekaran/sys-monitor.git
   249353d..8575797  main -> main
[SUCCESS] Tue Aug 12 04:25:04 UTC 2025 - Data pushed to GitHub
[main b9e77d9] Update at Wed Aug 20 07:15:01 UTC 2025
 Committer: Gokulraj <gokul_1370@BizAct153.bizacuity.local>
Your name and email address were configured automatically based
on your username and hostname. Please check that they are accurate.
You can suppress this message by setting them explicitly. Run the
following command and follow the instructions in your editor to edit
your configuration file:

    git config --global --edit

After doing this, you may fix the identity used for this commit with:

    git commit --amend --reset-author

 1 file changed, 10 insertions(+)
To github.com:gokulrajrajsekaran/sys-monitor.git
   8575797..b9e77d9  main -> main
[SUCCESS] Wed Aug 20 07:15:04 UTC 2025 - Data pushed to GitHub
[main 49a5bf2] Update at Wed Aug 20 07:20:02 UTC 2025
 Committer: Gokulraj <gokul_1370@BizAct153.bizacuity.local>
Your name and email address were configured automatically based
on your username and hostname. Please check that they are accurate.
You can suppress this message by setting them explicitly. Run the
following command and follow the instructions in your editor to edit
your configuration file:

    git config --global --edit

After doing this, you may fix the identity used for this commit with:

    git commit --amend --reset-author

 1 file changed, 10 insertions(+)
To github.com:gokulrajrajsekaran/sys-monitor.git
   b9e77d9..49a5bf2  main -> main
[SUCCESS] Wed Aug 20 07:20:05 UTC 2025 - Data pushed to GitHub
[main 0046fbd] Update at Wed Aug 20 07:25:01 UTC 2025
 Committer: Gokulraj <gokul_1370@BizAct153.bizacuity.local>
Your name and email address were configured automatically based
on your username and hostname. Please check that they are accurate.
You can suppress this message by setting them explicitly. Run the
following command and follow the instructions in your editor to edit
your configuration file:

    git config --global --edit

After doing this, you may fix the identity used for this commit with:

    git commit --amend --reset-author

 1 file changed, 10 insertions(+)
To github.com:gokulrajrajsekaran/sys-monitor.git
   49a5bf2..0046fbd  main -> main
[SUCCESS] Wed Aug 20 07:25:04 UTC 2025 - Data pushed to GitHub
[main 0f6d21e] Update at Wed Aug 20 07:30:02 UTC 2025
 Committer: Gokulraj <gokul_1370@BizAct153.bizacuity.local>
Your name and email address were configured automatically based
on your username and hostname. Please check that they are accurate.
You can suppress this message by setting them explicitly. Run the
following command and follow the instructions in your editor to edit
your configuration file:

    git config --global --edit

After doing this, you may fix the identity used for this commit with:

    git commit --amend --reset-author

 1 file changed, 10 insertions(+)
To github.com:gokulrajrajsekaran/sys-monitor.git
   0046fbd..0f6d21e  main -> main
[SUCCESS] Wed Aug 20 07:30:05 UTC 2025 - Data pushed to GitHub
[main 01684d1] Update at Wed Aug 20 07:35:01 UTC 2025
 Committer: Gokulraj <gokul_1370@BizAct153.bizacuity.local>
Your name and email address were configured automatically based
on your username and hostname. Please check that they are accurate.
You can suppress this message by setting them explicitly. Run the
following command and follow the instructions in your editor to edit
your configuration file:

    git config --global --edit

After doing this, you may fix the identity used for this commit with:

    git commit --amend --reset-author

 1 file changed, 10 insertions(+)
To github.com:gokulrajrajsekaran/sys-monitor.git
   0f6d21e..01684d1  main -> main
[SUCCESS] Wed Aug 20 07:35:04 UTC 2025 - Data pushed to GitHub
[main 2ebe6eb] Update at Wed Aug 20 07:38:42 UTC 2025
 Committer: Gokulraj <gokul_1370@BizAct153.bizacuity.local>
Your name and email address were configured automatically based
on your username and hostname. Please check that they are accurate.
You can suppress this message by setting them explicitly. Run the
following command and follow the instructions in your editor to edit
your configuration file:

    git config --global --edit

After doing this, you may fix the identity used for this commit with:

    git commit --amend --reset-author

 1 file changed, 10 insertions(+)
To github.com:gokulrajrajsekaran/sys-monitor.git
   01684d1..2ebe6eb  main -> main
[SUCCESS] Wed Aug 20 07:38:45 UTC 2025 - Data pushed to GitHub
[main 3491888] Update at Wed Aug 20 07:38:45 UTC 2025
 Committer: Gokulraj <gokul_1370@BizAct153.bizacuity.local>
Your name and email address were configured automatically based
on your username and hostname. Please check that they are accurate.
You can suppress this message by setting them explicitly. Run the
following command and follow the instructions in your editor to edit
your configuration file:

    git config --global --edit

After doing this, you may fix the identity used for this commit with:

    git commit --amend --reset-author

 1 file changed, 10 insertions(+)
To github.com:gokulrajrajsekaran/sys-monitor.git
   2ebe6eb..3491888  main -> main
[SUCCESS] Wed Aug 20 07:38:48 UTC 2025 - Data pushed to GitHub
[main 0e8845b] Update at Wed Aug 20 07:39:02 UTC 2025
 Committer: Gokulraj <gokul_1370@BizAct153.bizacuity.local>
Your name and email address were configured automatically based
on your username and hostname. Please check that they are accurate.
You can suppress this message by setting them explicitly. Run the
following command and follow the instructions in your editor to edit
your configuration file:

    git config --global --edit

After doing this, you may fix the identity used for this commit with:

    git commit --amend --reset-author

 1 file changed, 10 insertions(+)
To github.com:gokulrajrajsekaran/sys-monitor.git
   3491888..0e8845b  main -> main
[SUCCESS] Wed Aug 20 07:39:05 UTC 2025 - Data pushed to GitHub
[main b934e93] Update at Wed Aug 20 07:40:01 UTC 2025
 Committer: Gokulraj <gokul_1370@BizAct153.bizacuity.local>
Your name and email address were configured automatically based
on your username and hostname. Please check that they are accurate.
You can suppress this message by setting them explicitly. Run the
following command and follow the instructions in your editor to edit
your configuration file:

    git config --global --edit

After doing this, you may fix the identity used for this commit with:

    git commit --amend --reset-author

 1 file changed, 10 insertions(+)
To github.com:gokulrajrajsekaran/sys-monitor.git
   0e8845b..b934e93  main -> main
[SUCCESS] Wed Aug 20 07:40:04 UTC 2025 - Data pushed to GitHub
[main 0aae1e1] Update at Wed Aug 20 07:41:21 UTC 2025
 Committer: Gokulraj <gokul_1370@BizAct153.bizacuity.local>
Your name and email address were configured automatically based
on your username and hostname. Please check that they are accurate.
You can suppress this message by setting them explicitly. Run the
following command and follow the instructions in your editor to edit
your configuration file:

    git config --global --edit

After doing this, you may fix the identity used for this commit with:

    git commit --amend --reset-author

 1 file changed, 10 insertions(+)
To github.com:gokulrajrajsekaran/sys-monitor.git
   b934e93..0aae1e1  main -> main
[SUCCESS] Wed Aug 20 07:41:05 UTC 2025 - Data pushed to GitHub
[main 7a3e9bc] Update at Wed Aug 20 07:42:01 UTC 2025
 Committer: Gokulraj <gokul_1370@BizAct153.bizacuity.local>
Your name and email address were configured automatically based
on your username and hostname. Please check that they are accurate.
You can suppress this message by setting them explicitly. Run the
following command and follow the instructions in your editor to edit
your configuration file:

    git config --global --edit

After doing this, you may fix the identity used for this commit with:

    git commit --amend --reset-author

 1 file changed, 10 insertions(+)
To github.com:gokulrajrajsekaran/sys-monitor.git
   0aae1e1..7a3e9bc  main -> main
[SUCCESS] Wed Aug 20 07:42:05 UTC 2025 - Data pushed to GitHub
[main a7a8697] Update at Wed Aug 20 07:43:01 UTC 2025
 Committer: Gokulraj <gokul_1370@BizAct153.bizacuity.local>
Your name and email address were configured automatically based
on your username and hostname. Please check that they are accurate.
You can suppress this message by setting them explicitly. Run the
following command and follow the instructions in your editor to edit
your configuration file:

    git config --global --edit

After doing this, you may fix the identity used for this commit with:

    git commit --amend --reset-author

 1 file changed, 10 insertions(+)
To github.com:gokulrajrajsekaran/sys-monitor.git
   7a3e9bc..a7a8697  main -> main
[SUCCESS] Wed Aug 20 07:43:04 UTC 2025 - Data pushed to GitHub
[main 71fcf6b] Update at Wed Aug 20 07:44:01 UTC 2025
 Committer: Gokulraj <gokul_1370@BizAct153.bizacuity.local>
Your name and email address were configured automatically based
on your username and hostname. Please check that they are accurate.
You can suppress this message by setting them explicitly. Run the
following command and follow the instructions in your editor to edit
your configuration file:

    git config --global --edit

After doing this, you may fix the identity used for this commit with:

    git commit --amend --reset-author

 1 file changed, 10 insertions(+)
To github.com:gokulrajrajsekaran/sys-monitor.git
   a7a8697..71fcf6b  main -> main
[SUCCESS] Wed Aug 20 07:44:04 UTC 2025 - Data pushed to GitHub
[main eeee6bb] Update at Wed Aug 20 07:45:01 UTC 2025
 Committer: Gokulraj <gokul_1370@BizAct153.bizacuity.local>
Your name and email address were configured automatically based
on your username and hostname. Please check that they are accurate.
You can suppress this message by setting them explicitly. Run the
following command and follow the instructions in your editor to edit
your configuration file:

    git config --global --edit

After doing this, you may fix the identity used for this commit with:

    git commit --amend --reset-author

 1 file changed, 10 insertions(+)
To github.com:gokulrajrajsekaran/sys-monitor.git
   71fcf6b..eeee6bb  main -> main
[SUCCESS] Wed Aug 20 07:45:04 UTC 2025 - Data pushed to GitHub
[main c1e57c9] Update at Wed Aug 20 07:46:02 UTC 2025
 Committer: Gokulraj <gokul_1370@BizAct153.bizacuity.local>
Your name and email address were configured automatically based
on your username and hostname. Please check that they are accurate.
You can suppress this message by setting them explicitly. Run the
following command and follow the instructions in your editor to edit
your configuration file:

    git config --global --edit

After doing this, you may fix the identity used for this commit with:

    git commit --amend --reset-author

 1 file changed, 10 insertions(+)
To github.com:gokulrajrajsekaran/sys-monitor.git
   eeee6bb..c1e57c9  main -> main
[SUCCESS] Wed Aug 20 07:46:05 UTC 2025 - Data pushed to GitHub
[main 76ed6e8] Update at Wed Aug 20 07:47:01 UTC 2025
 Committer: Gokulraj <gokul_1370@BizAct153.bizacuity.local>
Your name and email address were configured automatically based
on your username and hostname. Please check that they are accurate.
You can suppress this message by setting them explicitly. Run the
following command and follow the instructions in your editor to edit
your configuration file:

    git config --global --edit

After doing this, you may fix the identity used for this commit with:

    git commit --amend --reset-author

 1 file changed, 10 insertions(+)
To github.com:gokulrajrajsekaran/sys-monitor.git
   c1e57c9..76ed6e8  main -> main
[SUCCESS] Wed Aug 20 07:47:04 UTC 2025 - Data pushed to GitHub
[main c23a829] Update at Wed Aug 20 07:48:21 UTC 2025
 Committer: Gokulraj <gokul_1370@BizAct153.bizacuity.local>
Your name and email address were configured automatically based
on your username and hostname. Please check that they are accurate.
You can suppress this message by setting them explicitly. Run the
following command and follow the instructions in your editor to edit
your configuration file:

    git config --global --edit

After doing this, you may fix the identity used for this commit with:

    git commit --amend --reset-author

 1 file changed, 10 insertions(+)
To github.com:gokulrajrajsekaran/sys-monitor.git
   76ed6e8..c23a829  main -> main
[SUCCESS] Wed Aug 20 07:48:24 UTC 2025 - Data pushed to GitHub
